[debug] [2023-04-14T06:13:30.256Z] ----------------------------------------------------------------------
[debug] [2023-04-14T06:13:30.258Z] Command:       C:\Program Files\nodejs\node.exe C:\Users\ps671\AppData\Roaming\npm\node_modules\firebase-tools\lib\bin\firebase.js init hosting
[debug] [2023-04-14T06:13:30.259Z] CLI Version:   11.27.0
[debug] [2023-04-14T06:13:30.259Z] Platform:      win32
[debug] [2023-04-14T06:13:30.259Z] Node Version:  v16.13.2
[debug] [2023-04-14T06:13:30.261Z] Time:          Fri Apr 14 2023 11:43:30 GMT+0530 (India Standard Time)
[debug] [2023-04-14T06:13:30.261Z] ----------------------------------------------------------------------
[debug] 
[debug] [2023-04-14T06:13:30.274Z] > command requires scopes: ["email","openid","https://www.googleapis.com/auth/cloudplatformprojects.readonly","https://www.googleapis.com/auth/firebase","https://www.googleapis.com/auth/cloud-platform"]
[debug] [2023-04-14T06:13:30.274Z] > authorizing via signed-in user (ps671248@gmail.com)
[info] 
     ######## #### ########  ######## ########     ###     ######  ########
     ##        ##  ##     ## ##       ##     ##  ##   ##  ##       ##
     ######    ##  ########  ######   ########  #########  ######  ######
     ##        ##  ##    ##  ##       ##     ## ##     ##       ## ##
     ##       #### ##     ## ######## ########  ##     ##  ######  ########

You're about to initialize a Firebase project in this directory:

  C:\Users\ps671\OneDrive\Documents\GitHub\iiitu_snapshots\iiitu_snapshots

[info] 
=== Project Setup
[info] 
[info] First, let's associate this project directory with a Firebase project.
[info] You can create multiple project aliases by running firebase use --add, 
[info] but for now we'll just set up a default project.
[info] 
[debug] [2023-04-14T06:14:48.475Z] > refreshing access token with scopes: []
[debug] [2023-04-14T06:14:48.477Z] >>> [apiv2][query] POST https://www.googleapis.com/oauth2/v3/token [none]
[debug] [2023-04-14T06:14:48.477Z] >>> [apiv2][body] POST https://www.googleapis.com/oauth2/v3/token [omitted]
[debug] [2023-04-14T06:14:48.911Z] <<< [apiv2][status] POST https://www.googleapis.com/oauth2/v3/token 200
[debug] [2023-04-14T06:14:48.912Z] <<< [apiv2][body] POST https://www.googleapis.com/oauth2/v3/token [omitted]
[debug] [2023-04-14T06:14:48.934Z] >>> [apiv2][query] GET https://firebase.googleapis.com/v1beta1/projects pageSize=100
[debug] [2023-04-14T06:14:50.097Z] <<< [apiv2][status] GET https://firebase.googleapis.com/v1beta1/projects 200
[debug] [2023-04-14T06:14:50.097Z] <<< [apiv2][body] GET https://firebase.googleapis.com/v1beta1/projects [omitted]
[info] i  Using project iiitusnapshots (IIITUSnapShots) 
[info] 
=== Hosting Setup
[info] 
[info] Your public directory is the folder (relative to your project directory) that
[info] will contain Hosting assets to be uploaded with firebase deploy. If you
[info] have a build process for your assets, use your build's output directory.
[info] 
[info] +  Wrote public/404.html 
[debug] [2023-04-14T06:15:12.176Z] >>> [apiv2][query] GET https://www.gstatic.com/firebasejs/releases.json [none]
[debug] [2023-04-14T06:15:12.441Z] <<< [apiv2][status] GET https://www.gstatic.com/firebasejs/releases.json 200
[debug] [2023-04-14T06:15:12.442Z] <<< [apiv2][body] GET https://www.gstatic.com/firebasejs/releases.json {"current":{"version":"9.19.1","browserURL":"https://www.gstatic.com/firebasejs/9.19.1/firebase.js","packageURL":"https://www.gstatic.com/firebasejs/9.19.1/firebase.tgz"},"live":{"version":"9.19","browserURL":"https://www.gstatic.com/firebasejs/live/9.19/firebase.js","packageURL":"https://www.gstatic.com/firebasejs/live/9.19/firebase.tgz"},"components":{"analytics":"https://www.gstatic.com/firebasejs/9.19.1/firebase-analytics.js","app":"https://www.gstatic.com/firebasejs/9.19.1/firebase-app.js","app-check":"https://www.gstatic.com/firebasejs/9.19.1/firebase-app-check.js","auth":"https://www.gstatic.com/firebasejs/9.19.1/firebase-auth.js","auth/cordova":"https://www.gstatic.com/firebasejs/9.19.1/firebase-auth/cordova.js","auth/react-native":"https://www.gstatic.com/firebasejs/9.19.1/firebase-auth/react-native.js","functions":"https://www.gstatic.com/firebasejs/9.19.1/firebase-functions.js","firestore":"https://www.gstatic.com/firebasejs/9.19.1/firebase-firestore.js","firestore/lite":"https://www.gstatic.com/firebasejs/9.19.1/firebase-firestore/lite.js","installations":"https://www.gstatic.com/firebasejs/9.19.1/firebase-installations.js","storage":"https://www.gstatic.com/firebasejs/9.19.1/firebase-storage.js","performance":"https://www.gstatic.com/firebasejs/9.19.1/firebase-performance.js","remote-config":"https://www.gstatic.com/firebasejs/9.19.1/firebase-remote-config.js","messaging":"https://www.gstatic.com/firebasejs/9.19.1/firebase-messaging.js","messaging/sw":"https://www.gstatic.com/firebasejs/9.19.1/firebase-messaging/sw.js","database":"https://www.gstatic.com/firebasejs/9.19.1/firebase-database.js","firestore.memory":"https://www.gstatic.com/firebasejs/9.19.1/firebase-firestore.memory.js"}}
[info] i  Skipping write of public/index.html 
[info] 
[info] i  Detected a .git folder at C:\Users\ps671\OneDrive\Documents\GitHub\iiitu_snapshots\iiitu_snapshots 
[info] i  Authorizing with GitHub to upload your service account to a GitHub repository's secrets store. 
[info] 
[info] Visit this URL on this device to log in:
[info] https://github.com/login/oauth/authorize?client_id=89cf50f02ac6aaed3484&state=579204118&redirect_uri=http%3A%2F%2Flocalhost%3A9005&scope=read%3Auser%20repo%20public_repo
[info] 
[info] Waiting for authentication...
[debug] [2023-04-14T06:15:46.076Z] >>> [apiv2][query] POST https://github.com/login/oauth/access_token [none]
[debug] [2023-04-14T06:15:46.076Z] >>> [apiv2][body] POST https://github.com/login/oauth/access_token [stream]
[debug] [2023-04-14T06:15:46.836Z] <<< [apiv2][status] POST https://github.com/login/oauth/access_token 200
[debug] [2023-04-14T06:15:46.836Z] <<< [apiv2][body] POST https://github.com/login/oauth/access_token {"access_token":"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","token_type":"bearer","scope":"read:user,repo"}
[debug] [2023-04-14T06:15:46.843Z] >>> [apiv2][query] GET https://api.github.com/user [none]
[debug] [2023-04-14T06:15:47.458Z] <<< [apiv2][status] GET https://api.github.com/user 200
[debug] [2023-04-14T06:15:47.459Z] <<< [apiv2][body] GET https://api.github.com/user {"login":"piyush7833","id":96736508,"node_id":"U_kgDOBcQU_A","avatar_url":"https://avatars.githubusercontent.com/u/96736508?v=4","gravatar_id":"","url":"https://api.github.com/users/piyush7833","html_url":"https://github.com/piyush7833","followers_url":"https://api.github.com/users/piyush7833/followers","following_url":"https://api.github.com/users/piyush7833/following{/other_user}","gists_url":"https://api.github.com/users/piyush7833/gists{/gist_id}","starred_url":"https://api.github.com/users/piyush7833/starred{/owner}{/repo}","subscriptions_url":"https://api.github.com/users/piyush7833/subscriptions","organizations_url":"https://api.github.com/users/piyush7833/orgs","repos_url":"https://api.github.com/users/piyush7833/repos","events_url":"https://api.github.com/users/piyush7833/events{/privacy}","received_events_url":"https://api.github.com/users/piyush7833/received_events","type":"User","site_admin":false,"name":"Piyush Singh","company":null,"blog":"","location":null,"email":null,"hireable":null,"bio":null,"twitter_username":null,"public_repos":17,"public_gists":0,"followers":0,"following":0,"created_at":"2021-12-27T15:07:40Z","updated_at":"2023-02-22T01:31:51Z","private_gists":0,"total_private_repos":4,"owned_private_repos":4,"disk_usage":201926,"collaborators":0,"two_factor_authentication":false,"plan":{"name":"free","space":976562499,"collaborators":0,"private_repos":10000}}
[info] 
[info] +  Success! Logged into GitHub as piyush7833 
[info] 
[debug] [2023-04-14T06:16:02.594Z] >>> [apiv2][query] GET https://api.github.com/repos/iiitu_snapshots/actions/secrets/public-key type=owner
[debug] [2023-04-14T06:16:03.116Z] <<< [apiv2][status] GET https://api.github.com/repos/iiitu_snapshots/actions/secrets/public-key 404
[debug] [2023-04-14T06:16:03.116Z] <<< [apiv2][body] GET https://api.github.com/repos/iiitu_snapshots/actions/secrets/public-key {"message":"Not Found","documentation_url":"https://docs.github.com/rest"}
[info] 
[info] 
[error] !  The provided authorization cannot be used with this repository. If this repository is in an organization, did you remember to grant access? 
[info] 
[info] i  Action required: Visit this URL to ensure access has been granted to the appropriate organization(s) for the Firebase CLI GitHub OAuth App: 
[info] https://github.com/settings/connections/applications/89cf50f02ac6aaed3484
[info] 
[debug] [2023-04-14T06:16:06.627Z] >>> [apiv2][query] GET https://api.github.com/repos/iiitu_snapshots/actions/secrets/public-key type=owner
[debug] [2023-04-14T06:16:07.619Z] <<< [apiv2][status] GET https://api.github.com/repos/iiitu_snapshots/actions/secrets/public-key 404
[debug] [2023-04-14T06:16:07.619Z] <<< [apiv2][body] GET https://api.github.com/repos/iiitu_snapshots/actions/secrets/public-key {"message":"Not Found","documentation_url":"https://docs.github.com/rest"}
[info] 
[info] 
[error] !  The provided authorization cannot be used with this repository. If this repository is in an organization, did you remember to grant access? 
[info] 
[info] i  Action required: Visit this URL to ensure access has been granted to the appropriate organization(s) for the Firebase CLI GitHub OAuth App: 
[info] https://github.com/settings/connections/applications/89cf50f02ac6aaed3484
[info] 
[debug] [2023-04-14T06:16:22.310Z] >>> [apiv2][query] GET https://api.github.com/repos/iiitu_snapshots/actions/secrets/public-key type=owner
[debug] [2023-04-14T06:16:22.878Z] <<< [apiv2][status] GET https://api.github.com/repos/iiitu_snapshots/actions/secrets/public-key 404
[debug] [2023-04-14T06:16:22.878Z] <<< [apiv2][body] GET https://api.github.com/repos/iiitu_snapshots/actions/secrets/public-key {"message":"Not Found","documentation_url":"https://docs.github.com/rest"}
[info] 
[info] 
[error] !  The provided authorization cannot be used with this repository. If this repository is in an organization, did you remember to grant access? 
[info] 
[info] i  Action required: Visit this URL to ensure access has been granted to the appropriate organization(s) for the Firebase CLI GitHub OAuth App: 
[info] https://github.com/settings/connections/applications/89cf50f02ac6aaed3484
[info] 
[debug] [2023-04-14T06:20:18.607Z] >>> [apiv2][query] GET https://api.github.com/repos/snapshots/actions/secrets/public-key type=owner
[debug] [2023-04-14T06:20:19.215Z] <<< [apiv2][status] GET https://api.github.com/repos/snapshots/actions/secrets/public-key 404
[debug] [2023-04-14T06:20:19.215Z] <<< [apiv2][body] GET https://api.github.com/repos/snapshots/actions/secrets/public-key {"message":"Not Found","documentation_url":"https://docs.github.com/rest"}
[info] 
[info] 
[error] !  The provided authorization cannot be used with this repository. If this repository is in an organization, did you remember to grant access? 
[info] 
[info] i  Action required: Visit this URL to ensure access has been granted to the appropriate organization(s) for the Firebase CLI GitHub OAuth App: 
[info] https://github.com/settings/connections/applications/89cf50f02ac6aaed3484
[info] 
